{
  "stats": {
    "suites": 1,
    "tests": 1,
    "passes": 0,
    "pending": 0,
    "failures": 1,
    "start": "2025-02-21T12:38:03.428Z",
    "end": "2025-02-21T12:38:04.249Z",
    "duration": 821,
    "testsRegistered": 1,
    "passPercent": 0,
    "pendingPercent": 0,
    "other": 0,
    "hasOther": false,
    "skipped": 0,
    "hasSkipped": false
  },
  "results": [
    {
      "uuid": "40220143-0f9e-4491-a009-8cdd13b467c4",
      "title": "",
      "fullFile": "cypress\\e2e\\tests\\registration.cy.js",
      "file": "cypress\\e2e\\tests\\registration.cy.js",
      "beforeHooks": [],
      "afterHooks": [],
      "tests": [],
      "suites": [
        {
          "uuid": "b4603535-0eae-47c6-9426-4e25ea85a548",
          "title": "User Registration",
          "fullFile": "",
          "file": "",
          "beforeHooks": [],
          "afterHooks": [],
          "tests": [
            {
              "title": "Registers a new user successfully",
              "fullTitle": "User Registration Registers a new user successfully",
              "timedOut": null,
              "duration": 783,
              "state": "failed",
              "speed": null,
              "pass": false,
              "fail": true,
              "pending": false,
              "context": "{\n  \"title\": \"cypress-mochawesome-reporter-screenshots\",\n  \"value\": [\n    [\n      \"\\\\registration.cy.js\\\\User Registration -- Registers a new user successfully (failed).png\"\n    ]\n  ]\n}",
              "code": "const randomEmail = `testuser_${Date.now()}@example.com`;\ncy.writeFile('cypress/fixtures/userData.json', {\n  email: randomEmail\n}); // Save to fixture\n_RegistrationPage.default.visit();\n_RegistrationPage.default.fillRegistrationForm(this.userData.firstName, this.userData.lastName, randomEmail, this.userData.password);\n_RegistrationPage.default.submit();\n_RegistrationPage.default.verifySuccess();",
              "err": {
                "message": "TypeError: Cannot read properties of undefined (reading 'firstName')",
                "estack": "TypeError: Cannot read properties of undefined (reading 'firstName')\n    at Context.eval (webpack://cypressuiautomation/./cypress/e2e/tests/registration.cy.js:20:26)\n    at runnable.fn (https://magento.softwaretestingboard.com/__cypress/runner/cypress_runner.js:139094:19)\n    at callFn (https://magento.softwaretestingboard.com/__cypress/runner/cypress_runner.js:157690:21)\n    at Runnable.run (https://magento.softwaretestingboard.com/__cypress/runner/cypress_runner.js:157677:7)\n    at <unknown> (https://magento.softwaretestingboard.com/__cypress/runner/cypress_runner.js:163607:30)\n    at PassThroughHandlerContext.finallyHandler (https://magento.softwaretestingboard.com/__cypress/runner/cypress_runner.js:4042:23)\n    at PassThroughHandlerContext.tryCatcher (https://magento.softwaretestingboard.com/__cypress/runner/cypress_runner.js:1777:23)\n    at Promise._settlePromiseFromHandler (https://magento.softwaretestingboard.com/__cypress/runner/cypress_runner.js:1489:31)\n    at Promise._settlePromise (https://magento.softwaretestingboard.com/__cypress/runner/cypress_runner.js:1546:18)",
                "diff": null
              },
              "uuid": "6089a733-b178-4334-ad81-a2652cbac894",
              "parentUUID": "b4603535-0eae-47c6-9426-4e25ea85a548",
              "isHook": false,
              "skipped": false
            }
          ],
          "suites": [],
          "passes": [],
          "failures": [
            "6089a733-b178-4334-ad81-a2652cbac894"
          ],
          "pending": [],
          "skipped": [],
          "duration": 783,
          "root": false,
          "rootEmpty": false,
          "_timeout": 2000
        }
      ],
      "passes": [],
      "failures": [],
      "pending": [],
      "skipped": [],
      "duration": 0,
      "root": true,
      "rootEmpty": true,
      "_timeout": 2000
    }
  ],
  "meta": {
    "mocha": {
      "version": "7.0.1"
    },
    "mochawesome": {
      "options": {
        "quiet": false,
        "reportFilename": "mochawesome",
        "saveHtml": true,
        "saveJson": true,
        "consoleReporter": "spec",
        "useInlineDiffs": false,
        "code": true
      },
      "version": "7.1.3"
    },
    "marge": {
      "options": {
        "reportDir": "cypress/reports",
        "overwrite": false,
        "html": true,
        "json": true
      },
      "version": "6.2.0"
    }
  }
}