{
  "stats": {
    "suites": 1,
    "tests": 1,
    "passes": 0,
    "pending": 0,
    "failures": 1,
    "start": "2025-02-21T12:44:00.765Z",
    "end": "2025-02-21T12:44:06.062Z",
    "duration": 5297,
    "testsRegistered": 1,
    "passPercent": 0,
    "pendingPercent": 0,
    "other": 0,
    "hasOther": false,
    "skipped": 0,
    "hasSkipped": false
  },
  "results": [
    {
      "uuid": "056c855e-cae1-46c1-964b-6c2b86787b19",
      "title": "",
      "fullFile": "cypress\\e2e\\tests\\registration.cy.js",
      "file": "cypress\\e2e\\tests\\registration.cy.js",
      "beforeHooks": [],
      "afterHooks": [],
      "tests": [],
      "suites": [
        {
          "uuid": "1539b5f4-b58f-4c8e-b516-79b000b552f9",
          "title": "User Registration",
          "fullFile": "",
          "file": "",
          "beforeHooks": [],
          "afterHooks": [],
          "tests": [
            {
              "title": "Registers a new user successfully",
              "fullTitle": "User Registration Registers a new user successfully",
              "timedOut": null,
              "duration": 5262,
              "state": "failed",
              "speed": null,
              "pass": false,
              "fail": true,
              "pending": false,
              "context": "{\n  \"title\": \"cypress-mochawesome-reporter-screenshots\",\n  \"value\": [\n    [\n      \"\\\\registration.cy.js\\\\User Registration -- Registers a new user successfully (failed).png\"\n    ]\n  ]\n}",
              "code": "const randomEmail = `testuser_${Date.now()}@example.com`;\ncy.writeFile('cypress/fixtures/userData.json', {\n  email: randomEmail\n}); // Save to fixture\n_RegistrationPage.default.visit();\n_RegistrationPage.default.fillRegistrationForm(this.firstName, this.lastName, randomEmail, this.password);\n_RegistrationPage.default.submit();\n_RegistrationPage.default.verifySuccess();",
              "err": {
                "message": "CypressError: `cy.type()` can only accept a string or number. You passed in: `undefined`\n\nhttps://on.cypress.io/type",
                "estack": "CypressError: `cy.type()` can only accept a string or number. You passed in: `undefined`\n\nhttps://on.cypress.io/type\n    at Context.type (https://magento.softwaretestingboard.com/__cypress/runner/cypress_runner.js:114384:68)\n    at wrapped (https://magento.softwaretestingboard.com/__cypress/runner/cypress_runner.js:138827:19)\nFrom Your Spec Code:\n    at RegistrationPage.fillRegistrationForm (webpack://cypressuiautomation/./cypress/pageObjects/RegistrationPage.js:7:29)\n    at Context.eval (webpack://cypressuiautomation/./cypress/e2e/tests/registration.cy.js:19:25)",
                "diff": null
              },
              "uuid": "f06d9df5-777f-4360-8a78-d44f054a5e82",
              "parentUUID": "1539b5f4-b58f-4c8e-b516-79b000b552f9",
              "isHook": false,
              "skipped": false
            }
          ],
          "suites": [],
          "passes": [],
          "failures": [
            "f06d9df5-777f-4360-8a78-d44f054a5e82"
          ],
          "pending": [],
          "skipped": [],
          "duration": 5262,
          "root": false,
          "rootEmpty": false,
          "_timeout": 2000
        }
      ],
      "passes": [],
      "failures": [],
      "pending": [],
      "skipped": [],
      "duration": 0,
      "root": true,
      "rootEmpty": true,
      "_timeout": 2000
    }
  ],
  "meta": {
    "mocha": {
      "version": "7.0.1"
    },
    "mochawesome": {
      "options": {
        "quiet": false,
        "reportFilename": "mochawesome",
        "saveHtml": true,
        "saveJson": true,
        "consoleReporter": "spec",
        "useInlineDiffs": false,
        "code": true
      },
      "version": "7.1.3"
    },
    "marge": {
      "options": {
        "reportDir": "cypress/reports",
        "overwrite": false,
        "html": true,
        "json": true
      },
      "version": "6.2.0"
    }
  }
}